<?xml version="1.0" encoding="UTF-8"?>
<!-- Generated by org.testng.reporters.JUnitXMLReporter -->
<testsuite hostname="DESKTOP-VN4LD42" ignored="0" name="Default test" tests="3" failures="0" timestamp="21 Feb 2018 14:20:03 GMT" time="23.039" errors="0">
  <testcase name="test2Ex10" time="9.659" classname="Apple.Zach.ex10"/>
  <testcase name="test3Ex10" time="4.17" classname="Apple.Zach.ex10"/>
  <testcase name="testEx10" time="9.19" classname="Apple.Zach.ex10"/>
</testsuite> <!-- Default test -->
