<?xml version="1.0" encoding="UTF-8"?>
<!-- Generated by org.testng.reporters.JUnitXMLReporter -->
<testsuite hostname="DESKTOP-VN4LD42" ignored="0" name="Default test" tests="3" failures="0" timestamp="21 Feb 2018 16:09:37 GMT" time="25.829" errors="0">
  <testcase name="test2Ex10" time="12.036" classname="Apple.Zach.ex10"/>
  <testcase name="test3Ex10" time="4.47" classname="Apple.Zach.ex10"/>
  <testcase name="testEx10" time="9.307" classname="Apple.Zach.ex10"/>
</testsuite> <!-- Default test -->
