<?xml version="1.0" encoding="UTF-8"?>
<testng-results skipped="0" failed="0" ignored="0" total="1" passed="1">
  <reporter-output>
  </reporter-output>
  <suite name="Default suite" duration-ms="4229" started-at="2018-02-21T17:20:59Z" finished-at="2018-02-21T17:21:03Z">
    <groups>
    </groups>
    <test name="Default test" duration-ms="4229" started-at="2018-02-21T17:20:59Z" finished-at="2018-02-21T17:21:03Z">
      <class name="Apple.Zach.ex8">
        <test-method status="PASS" signature="testEx8()[pri:0, instance:Apple.Zach.ex8@45820e51]" name="testEx8" duration-ms="4212" started-at="2018-02-21T17:20:59Z" finished-at="2018-02-21T17:21:03Z">
          <reporter-output>
          </reporter-output>
        </test-method> <!-- testEx8 -->
      </class> <!-- Apple.Zach.ex8 -->
    </test> <!-- Default test -->
  </suite> <!-- Default suite -->
</testng-results>
